C:\Program Files (x86)\Microsoft Visual Studio\2019\Professional\MSBuild\Microsoft\VC\v160\Microsoft.CppBuild.targets(491,5): warning MSB8028: The intermediate directory (Debug\) contains files shared from another project (ABC_dz3.vcxproj).  This can lead to incorrect clean and rebuild behavior.
  ABC_dz3.cpp
C:\Users\фв\Desktop\ABC_dz3\ABC_dz3\ABC_dz3.cpp(48,33): warning C4244: 'return': conversion from '_Ty' to 'int', possible loss of data
          with
          [
              _Ty=double
          ]
C:\Users\фв\Desktop\ABC_dz3\ABC_dz3\ABC_dz3.cpp(51,40): warning C4244: 'return': conversion from '_Ty' to 'int', possible loss of data
          with
          [
              _Ty=double
          ]
C:\Users\фв\Desktop\ABC_dz3\ABC_dz3\ABC_dz3.cpp(86,51): warning C4244: 'return': conversion from '_Ty' to 'int', possible loss of data
          with
          [
              _Ty=double
          ]
C:\Users\фв\Desktop\ABC_dz3\ABC_dz3\ABC_dz3.cpp(107,23): warning C4244: 'initializing': conversion from '_Ty' to 'int', possible loss of data
          with
          [
              _Ty=double
          ]
C:\Users\фв\Desktop\ABC_dz3\ABC_dz3\ABC_dz3.cpp(133,41): warning C4018: '<': signed/unsigned mismatch
  ABC_dz3.vcxproj -> C:\Users\фв\Desktop\ABC_dz3\Debug\DoskachN.exe
